<?xml version="1.0" encoding="UTF-8" ?>
<testsuite tests="32" failures="0" name="runners.RunnerTest" time="3.381" errors="0" skipped="0">
  <properties>
[...]
</properties>
  <testcase classname="Cenário: Deve inserir uma conta com sucesso" name="Dado que estou acessando a aplicação" time="0.003"/>
  <testcase classname="Cenário: Deve inserir uma conta com sucesso" name="Quando informo o usuário &quot;dayanne.info@gmail.com&quot;" time="0"/>
  <testcase classname="Cenário: Deve inserir uma conta com sucesso" name="E a senha &quot;curso123&quot;" time="0"/>
  <testcase classname="Cenário: Deve inserir uma conta com sucesso" name="E seleciono entrar" time="0"/>
  <testcase classname="Cenário: Deve inserir uma conta com sucesso" name="Então visualizo a página inicial" time="0"/>
  <testcase classname="Cenário: Deve inserir uma conta com sucesso" name="Quando seleciono Contas" time="0"/>
  <testcase classname="Cenário: Deve inserir uma conta com sucesso" name="E seleciono Adicionar" time="0"/>
  <testcase classname="Cenário: Deve inserir uma conta com sucesso" name="E informo a conta &quot;Conta de Teste&quot;" time="0.001"/>
  <testcase classname="Cenário: Deve inserir uma conta com sucesso" name="E seleciono Salvar" time="0"/>
  <testcase classname="Cenário: Deve inserir uma conta com sucesso" name="Então a conta é inserida com sucesso" time="0"/>
  <testcase classname="Cenário: Deve inserir uma conta com sucesso" name="Cenário: Deve inserir uma conta com sucesso" time="1.14"/>
  <testcase classname="Cenário: Não deve inserir uma conta sem nome" name="Dado que estou acessando a aplicação" time="0"/>
  <testcase classname="Cenário: Não deve inserir uma conta sem nome" name="Quando informo o usuário &quot;dayanne.info@gmail.com&quot;" time="0"/>
  <testcase classname="Cenário: Não deve inserir uma conta sem nome" name="E a senha &quot;curso123&quot;" time="0"/>
  <testcase classname="Cenário: Não deve inserir uma conta sem nome" name="E seleciono entrar" time="0"/>
  <testcase classname="Cenário: Não deve inserir uma conta sem nome" name="Então visualizo a página inicial" time="0"/>
  <testcase classname="Cenário: Não deve inserir uma conta sem nome" name="Quando seleciono Contas" time="0"/>
  <testcase classname="Cenário: Não deve inserir uma conta sem nome" name="E seleciono Adicionar" time="0"/>
  <testcase classname="Cenário: Não deve inserir uma conta sem nome" name="E seleciono Salvar" time="0"/>
  <testcase classname="Cenário: Não deve inserir uma conta sem nome" name="Então sou notificar que o nome da conta é obrigatório" time="0.001"/>
  <testcase classname="Cenário: Não deve inserir uma conta sem nome" name="Cenário: Não deve inserir uma conta sem nome" time="1.185"/>
  <testcase classname="Cenário: Não deve inserir uma conta com nome já existente" name="Dado que estou acessando a aplicação" time="0.002"/>
  <testcase classname="Cenário: Não deve inserir uma conta com nome já existente" name="Quando informo o usuário &quot;dayanne.info@gmail.com&quot;" time="0"/>
  <testcase classname="Cenário: Não deve inserir uma conta com nome já existente" name="E a senha &quot;curso123&quot;" time="0"/>
  <testcase classname="Cenário: Não deve inserir uma conta com nome já existente" name="E seleciono entrar" time="0"/>
  <testcase classname="Cenário: Não deve inserir uma conta com nome já existente" name="Então visualizo a página inicial" time="0"/>
  <testcase classname="Cenário: Não deve inserir uma conta com nome já existente" name="Quando seleciono Contas" time="0"/>
  <testcase classname="Cenário: Não deve inserir uma conta com nome já existente" name="E seleciono Adicionar" time="0"/>
  <testcase classname="Cenário: Não deve inserir uma conta com nome já existente" name="E informo a conta &quot;Conta de Teste&quot;" time="0"/>
  <testcase classname="Cenário: Não deve inserir uma conta com nome já existente" name="E seleciono Salvar" time="0"/>
  <testcase classname="Cenário: Não deve inserir uma conta com nome já existente" name="Então sou notificado que já existe uma conta com esse nome" time="0"/>
  <testcase classname="Cenário: Não deve inserir uma conta com nome já existente" name="Cenário: Não deve inserir uma conta com nome já existente" time="1.049"/>
</testsuite>